TN:
SF:/Users/leon/Development/Javascript/immut/source/index.js
FN:7,(anonymous_0)
FNF:1
FNH:1
FNDA:20,(anonymous_0)
DA:3,1
DA:4,1
DA:5,1
DA:7,34
LF:4
LH:4
BRDA:7,0,0,13
BRDA:7,0,1,26
BRF:2
BRH:2
end_of_record
TN:
SF:/Users/leon/Development/Javascript/immut/source/consts/symbols.js
FNF:0
FNH:0
DA:10,24
LF:1
LH:1
BRF:0
BRH:0
end_of_record
TN:
SF:/Users/leon/Development/Javascript/immut/source/immut/apply.js
FN:23,apply
FNF:1
FNH:1
FNDA:10,apply
DA:3,6
DA:4,6
DA:5,6
DA:6,6
DA:7,6
DA:23,6
DA:24,40
LF:7
LH:7
BRDA:26,0,0,4
BRDA:26,0,1,6
BRDA:27,1,0,2
BRDA:27,1,1,2
BRDA:30,2,0,4
BRDA:30,2,1,2
BRDA:31,3,0,1
BRDA:31,3,1,3
BRF:8
BRH:8
end_of_record
TN:
SF:/Users/leon/Development/Javascript/immut/source/immut/data.js
FN:15,data
FNF:1
FNH:1
FNDA:1,data
DA:3,7
DA:15,7
DA:16,1
LF:3
LH:3
BRF:0
BRH:0
end_of_record
TN:
SF:/Users/leon/Development/Javascript/immut/source/immut/from.js
FN:30,parse
FN:36,ofMap
FN:38,(anonymous_8)
FN:45,ofList
FN:47,(anonymous_10)
FN:51,ofLeaf
FNF:6
FNH:6
FNDA:34,parse
FNDA:9,ofMap
FNDA:15,(anonymous_8)
FNDA:11,ofList
FNDA:12,(anonymous_10)
FNDA:19,ofLeaf
DA:5,3
DA:6,3
DA:7,3
DA:8,3
DA:30,3
DA:31,34
DA:36,3
DA:37,9
DA:38,60
DA:45,3
DA:46,11
DA:47,12
DA:51,3
DA:52,19
LF:14
LH:14
BRDA:31,0,0,10
BRDA:31,0,1,24
BRDA:31,1,0,34
BRDA:31,1,1,28
BRDA:32,2,0,8
BRDA:32,2,1,16
BRDA:32,3,0,24
BRDA:32,3,1,18
BRDA:37,4,0,9
BRDA:37,4,1,0
BRDA:37,5,0,9
BRDA:37,5,1,9
BRDA:38,6,0,8
BRDA:38,6,1,1
BRDA:46,7,0,9
BRDA:46,7,1,2
BRDA:46,8,0,11
BRDA:46,8,1,11
BRDA:47,9,0,10
BRDA:47,9,1,1
BRDA:53,10,0,14
BRDA:53,10,1,5
BRDA:52,11,0,19
BRDA:52,11,1,6
BRF:24
BRH:23
end_of_record
TN:
SF:/Users/leon/Development/Javascript/immut/source/immut/get.js
FN:18,get
FNF:1
FNH:1
FNDA:11,get
DA:2,8
DA:3,8
DA:18,8
DA:19,11
LF:4
LH:4
BRDA:20,0,0,8
BRDA:20,0,1,3
BRF:2
BRH:2
end_of_record
TN:
SF:/Users/leon/Development/Javascript/immut/source/immut/index.js
FNF:0
FNH:0
DA:1,2
DA:2,2
DA:3,2
DA:4,2
DA:5,2
LF:5
LH:5
BRF:0
BRH:0
end_of_record
TN:
SF:/Users/leon/Development/Javascript/immut/source/immut/size.js
FN:14,size
FNF:1
FNH:1
FNDA:25,size
DA:14,25
LF:1
LH:1
BRF:0
BRH:0
end_of_record
TN:
SF:/Users/leon/Development/Javascript/immut/source/list/concat.js
FN:17,concat
FNF:1
FNH:1
FNDA:2,concat
DA:3,7
DA:4,7
DA:17,7
DA:18,2
LF:4
LH:4
BRF:0
BRH:0
end_of_record
TN:
SF:/Users/leon/Development/Javascript/immut/source/list/del.js
FN:17,del
FNF:1
FNH:1
FNDA:1,del
DA:3,7
DA:4,7
DA:17,7
DA:19,1
DA:21,1
DA:23,1
LF:6
LH:6
BRF:0
BRH:0
end_of_record
TN:
SF:/Users/leon/Development/Javascript/immut/source/list/every.js
FN:17,every
FNF:1
FNH:1
FNDA:1,every
DA:3,7
DA:17,7
DA:18,1
LF:3
LH:3
BRF:0
BRH:0
end_of_record
TN:
SF:/Users/leon/Development/Javascript/immut/source/list/filter.js
FN:17,filter
FNF:1
FNH:1
FNDA:2,filter
DA:3,7
DA:4,7
DA:17,7
DA:18,2
LF:4
LH:4
BRF:0
BRH:0
end_of_record
TN:
SF:/Users/leon/Development/Javascript/immut/source/list/find.js
FN:17,find
FNF:1
FNH:1
FNDA:1,find
DA:3,7
DA:17,7
DA:18,1
LF:3
LH:3
BRF:0
BRH:0
end_of_record
TN:
SF:/Users/leon/Development/Javascript/immut/source/list/findIndex.js
FN:17,findIndex
FNF:1
FNH:1
FNDA:1,findIndex
DA:3,7
DA:17,7
DA:18,1
LF:3
LH:3
BRF:0
BRH:0
end_of_record
TN:
SF:/Users/leon/Development/Javascript/immut/source/list/fold.js
FN:26,fold
FNF:1
FNH:1
FNDA:1,fold
DA:3,7
DA:26,7
DA:27,1
LF:3
LH:3
BRF:0
BRH:0
end_of_record
TN:
SF:/Users/leon/Development/Javascript/immut/source/list/has.js
FN:15,has
FNF:1
FNH:1
FNDA:1,has
DA:3,7
DA:15,7
DA:16,1
LF:3
LH:3
BRF:0
BRH:0
end_of_record
TN:
SF:/Users/leon/Development/Javascript/immut/source/list/index.js
FNF:0
FNH:0
DA:2,6
DA:3,6
DA:4,6
DA:5,6
DA:6,6
DA:7,6
DA:8,6
DA:9,6
DA:10,6
DA:11,6
DA:12,6
DA:13,6
DA:14,6
DA:15,6
DA:16,6
DA:17,6
DA:18,6
DA:19,6
DA:20,6
DA:21,6
DA:22,6
DA:23,6
DA:24,6
DA:26,6
LF:24
LH:24
BRF:0
BRH:0
end_of_record
TN:
SF:/Users/leon/Development/Javascript/immut/source/list/indexOf.js
FN:17,indexOf
FNF:1
FNH:1
FNDA:1,indexOf
DA:3,7
DA:17,7
DA:18,1
LF:3
LH:3
BRF:0
BRH:0
end_of_record
TN:
SF:/Users/leon/Development/Javascript/immut/source/list/map.js
FN:18,map
FNF:1
FNH:1
FNDA:2,map
DA:3,7
DA:4,7
DA:18,7
DA:19,2
LF:4
LH:4
BRF:0
BRH:0
end_of_record
TN:
SF:/Users/leon/Development/Javascript/immut/source/list/of.js
FN:15,of
FN:21,build
FNF:2
FNH:2
FNDA:52,of
FNDA:52,build
DA:3,17
DA:15,17
DA:16,52
DA:21,17
DA:22,52
LF:5
LH:5
BRDA:16,0,0,39
BRDA:16,0,1,13
BRDA:16,1,0,52
BRDA:16,1,1,40
BRDA:17,2,0,51
BRDA:17,2,1,1
BRF:6
BRH:6
end_of_record
TN:
SF:/Users/leon/Development/Javascript/immut/source/list/partition.js
FN:18,partition
FN:20,(anonymous_5)
FNF:2
FNH:2
FNDA:3,partition
FNDA:6,(anonymous_5)
DA:3,7
DA:4,7
DA:18,7
DA:19,3
DA:20,18
DA:21,6
DA:23,6
DA:24,6
DA:26,6
DA:27,2
DA:28,2
DA:31,6
LF:12
LH:12
BRDA:23,0,0,4
BRDA:23,0,1,2
BRDA:24,1,0,4
BRDA:24,1,1,2
BRDA:26,2,0,2
BRDA:26,2,1,4
BRF:6
BRH:6
end_of_record
TN:
SF:/Users/leon/Development/Javascript/immut/source/list/pop.js
FN:15,pop
FNF:1
FNH:1
FNDA:1,pop
DA:3,7
DA:4,7
DA:15,7
DA:17,1
DA:19,1
DA:21,1
LF:6
LH:6
BRF:0
BRH:0
end_of_record
TN:
SF:/Users/leon/Development/Javascript/immut/source/list/push.js
FN:17,push
FNF:1
FNH:1
FNDA:1,push
DA:3,7
DA:4,7
DA:17,7
DA:18,1
LF:4
LH:4
BRF:0
BRH:0
end_of_record
TN:
SF:/Users/leon/Development/Javascript/immut/source/list/set.js
FN:19,set
FN:20,(anonymous_1)
FNF:2
FNH:2
FNDA:4,set
FNDA:4,(anonymous_1)
DA:3,7
DA:4,7
DA:19,7
DA:20,4
LF:4
LH:4
BRF:0
BRH:0
end_of_record
TN:
SF:/Users/leon/Development/Javascript/immut/source/list/some.js
FN:17,some
FNF:1
FNH:1
FNDA:1,some
DA:3,7
DA:17,7
DA:18,1
LF:3
LH:3
BRF:0
BRH:0
end_of_record
TN:
SF:/Users/leon/Development/Javascript/immut/source/list/sort.js
FN:17,sort
FNF:1
FNH:1
FNDA:2,sort
DA:3,7
DA:4,7
DA:17,7
DA:18,2
LF:4
LH:4
BRF:0
BRH:0
end_of_record
TN:
SF:/Users/leon/Development/Javascript/immut/source/list/update.js
FN:19,update
FNF:1
FNH:1
FNDA:8,update
DA:3,8
DA:4,8
DA:19,8
DA:21,8
DA:23,8
DA:25,8
LF:6
LH:6
BRF:0
BRH:0
end_of_record
TN:
SF:/Users/leon/Development/Javascript/immut/source/map/del.js
FN:17,del
FNF:1
FNH:1
FNDA:1,del
DA:3,7
DA:4,7
DA:17,7
DA:19,1
DA:21,1
DA:25,1
DA:27,1
LF:7
LH:7
BRDA:22,0,0,1
BRDA:22,0,1,0
BRF:2
BRH:1
end_of_record
TN:
SF:/Users/leon/Development/Javascript/immut/source/map/index.js
FNF:0
FNH:0
DA:2,6
DA:3,6
DA:4,6
DA:5,6
DA:6,6
DA:7,6
DA:8,6
DA:9,6
DA:10,6
DA:11,6
DA:12,6
DA:13,6
DA:16,6
LF:13
LH:13
BRF:0
BRH:0
end_of_record
TN:
SF:/Users/leon/Development/Javascript/immut/source/map/merge.js
FN:17,merge
FNF:1
FNH:1
FNDA:2,merge
DA:3,7
DA:4,7
DA:17,7
DA:18,2
LF:4
LH:4
BRF:0
BRH:0
end_of_record
TN:
SF:/Users/leon/Development/Javascript/immut/source/map/of.js
FN:14,of
FN:20,build
FNF:2
FNH:2
FNDA:32,of
FNDA:32,build
DA:3,10
DA:14,10
DA:15,32
DA:20,10
DA:21,32
LF:5
LH:5
BRDA:15,0,0,25
BRDA:15,0,1,7
BRDA:15,1,0,32
BRDA:15,1,1,26
BRDA:16,2,0,2
BRDA:16,2,1,30
BRF:6
BRH:6
end_of_record
TN:
SF:/Users/leon/Development/Javascript/immut/source/map/partition.js
FN:18,partition
FN:20,(anonymous_7)
FNF:2
FNH:2
FNDA:3,partition
FNDA:6,(anonymous_7)
DA:3,7
DA:4,7
DA:18,7
DA:19,3
DA:20,36
DA:21,6
DA:23,6
DA:24,6
DA:26,6
DA:27,2
DA:28,2
DA:31,6
LF:12
LH:12
BRDA:23,0,0,4
BRDA:23,0,1,2
BRDA:24,1,0,4
BRDA:24,1,1,2
BRDA:26,2,0,2
BRDA:26,2,1,4
BRF:6
BRH:6
end_of_record
TN:
SF:/Users/leon/Development/Javascript/immut/source/map/pluck.js
FN:17,pluck
FN:18,(anonymous_3)
FNF:2
FNH:2
FNDA:3,pluck
FNDA:6,(anonymous_3)
DA:3,7
DA:4,7
DA:17,7
DA:18,6
LF:4
LH:4
BRF:0
BRH:0
end_of_record
TN:
SF:/Users/leon/Development/Javascript/immut/source/map/set.js
FN:18,set
FN:19,(anonymous_1)
FNF:2
FNH:2
FNDA:3,set
FNDA:3,(anonymous_1)
DA:3,7
DA:4,7
DA:18,7
DA:19,3
LF:4
LH:4
BRF:0
BRH:0
end_of_record
TN:
SF:/Users/leon/Development/Javascript/immut/source/map/update.js
FN:20,update
FNF:1
FNH:1
FNDA:8,update
DA:3,8
DA:4,8
DA:20,8
DA:21,8
LF:4
LH:4
BRDA:23,0,0,6
BRDA:23,0,1,2
BRF:2
BRH:2
end_of_record
TN:
SF:/Users/leon/Development/Javascript/immut/source/utils/curry.js
FN:23,isNoBind
FN:34,curry
FN:45,curry1
FN:46,c1
FN:64,curry2
FN:65,c2
FN:70,(anonymous_7)
FN:73,(anonymous_8)
FN:74,(anonymous_9)
FN:88,curry3
FN:89,c3
FN:94,(anonymous_12)
FN:97,(anonymous_13)
FN:98,(anonymous_14)
FN:99,(anonymous_15)
FN:102,(anonymous_16)
FN:103,(anonymous_17)
FN:104,(anonymous_18)
FN:105,(anonymous_19)
FN:106,(anonymous_20)
FN:107,(anonymous_21)
FNF:21
FNH:21
FNDA:507,isNoBind
FNDA:190,curry
FNDA:40,curry1
FNDA:30,c1
FNDA:149,curry2
FNDA:83,c2
FNDA:7,(anonymous_7)
FNDA:6,(anonymous_8)
FNDA:7,(anonymous_9)
FNDA:45,curry3
FNDA:56,c3
FNDA:2,(anonymous_12)
FNDA:3,(anonymous_13)
FNDA:3,(anonymous_14)
FNDA:1,(anonymous_15)
FNDA:3,(anonymous_16)
FNDA:3,(anonymous_17)
FNDA:3,(anonymous_18)
FNDA:1,(anonymous_19)
FNDA:1,(anonymous_20)
FNDA:1,(anonymous_21)
DA:12,32
DA:23,507
DA:34,190
DA:45,32
DA:46,40
DA:47,30
DA:49,1
DA:51,29
DA:64,32
DA:65,149
DA:66,83
DA:68,1
DA:70,27
DA:72,55
DA:73,6
DA:74,7
DA:88,32
DA:89,45
DA:90,56
DA:92,1
DA:94,9
DA:96,8
DA:97,3
DA:98,3
DA:99,1
DA:101,38
DA:102,3
DA:103,3
DA:104,3
DA:105,1
DA:106,1
DA:107,1
DA:117,32
LF:33
LH:33
BRDA:48,0,0,1
BRDA:48,0,1,29
BRDA:51,1,0,2
BRDA:51,1,1,27
BRDA:67,2,0,1
BRDA:67,2,1,27
BRDA:67,2,2,55
BRDA:70,3,0,20
BRDA:70,3,1,7
BRDA:72,4,0,1
BRDA:72,4,1,54
BRDA:72,5,0,55
BRDA:72,5,1,7
BRDA:73,6,0,6
BRDA:73,6,1,48
BRDA:74,7,0,7
BRDA:74,7,1,41
BRDA:91,8,0,1
BRDA:91,8,1,9
BRDA:91,8,2,8
BRDA:91,8,3,38
BRDA:94,9,0,7
BRDA:94,9,1,2
BRDA:96,10,0,1
BRDA:96,10,1,7
BRDA:96,11,0,8
BRDA:96,11,1,4
BRDA:97,12,0,3
BRDA:97,12,1,4
BRDA:98,13,0,3
BRDA:98,13,1,1
BRDA:101,14,0,1
BRDA:101,14,1,37
BRDA:101,15,0,38
BRDA:101,15,1,8
BRDA:101,15,2,4
BRDA:102,16,0,3
BRDA:102,16,1,34
BRDA:102,17,0,37
BRDA:102,17,1,7
BRDA:103,18,0,3
BRDA:103,18,1,31
BRDA:103,19,0,34
BRDA:103,19,1,4
BRDA:104,20,0,3
BRDA:104,20,1,28
BRDA:104,21,0,31
BRDA:104,21,1,4
BRDA:105,22,0,1
BRDA:105,22,1,27
BRDA:106,23,0,1
BRDA:106,23,1,26
BRDA:107,24,0,1
BRDA:107,24,1,25
BRF:54
BRH:54
end_of_record
TN:
SF:/Users/leon/Development/Javascript/immut/source/utils/helpers.js
FN:7,runtimeError
FNF:1
FNH:1
FNDA:10,runtimeError
DA:7,9
DA:8,10
LF:2
LH:2
BRF:0
BRH:0
end_of_record
TN:
SF:/Users/leon/Development/Javascript/immut/source/utils/index.js
FN:1,(anonymous_0)
FN:2,(anonymous_2)
FN:3,(anonymous_4)
FNF:3
FNH:3
FNDA:1,(anonymous_0)
FNDA:8,(anonymous_2)
FNDA:11,(anonymous_4)
DA:1,3
DA:2,15
DA:3,18
LF:3
LH:3
BRDA:1,0,0,1
BRDA:1,0,1,2
BRDA:2,1,0,6
BRDA:2,1,1,12
BRDA:3,2,0,6
BRDA:3,2,1,12
BRF:6
BRH:6
end_of_record
TN:
SF:/Users/leon/Development/Javascript/immut/source/utils/is.js
FN:16,isImmut
FN:27,isList
FN:38,isMap
FN:49,isArray
FN:60,isObject
FN:75,isPrimitive
FNF:6
FNH:6
FNDA:9,isImmut
FNDA:19,isList
FNDA:15,isMap
FNDA:9,isArray
FNDA:9,isObject
FNDA:9,isPrimitive
DA:2,7
DA:16,9
DA:27,19
DA:38,15
DA:49,9
DA:60,7
DA:61,9
DA:75,7
DA:76,9
LF:9
LH:9
BRDA:16,0,0,9
BRDA:16,0,1,5
BRDA:27,1,0,19
BRDA:27,1,1,15
BRDA:38,2,0,15
BRDA:38,2,1,11
BRDA:49,3,0,9
BRDA:49,3,1,5
BRDA:61,4,0,9
BRDA:61,4,1,5
BRDA:61,4,2,4
BRDA:61,4,3,3
BRDA:76,5,0,9
BRDA:76,5,1,8
BRDA:76,5,2,7
BRDA:76,5,3,6
BRDA:76,5,4,6
BRDA:76,5,5,4
BRF:18
BRH:18
end_of_record
