TN:
SF:/Users/leon/Development/Javascript/immut/source/index.js
FNF:0
FNH:0
DA:3,1
DA:4,1
DA:5,1
DA:6,1
DA:8,1
LF:5
LH:5
BRF:0
BRH:0
end_of_record
TN:
SF:/Users/leon/Development/Javascript/immut/source/consts/symbols.js
FNF:0
FNH:0
DA:10,5
LF:1
LH:1
BRF:0
BRH:0
end_of_record
TN:
SF:/Users/leon/Development/Javascript/immut/source/immut/apply.js
FN:24,(anonymous_1)
FNF:1
FNH:0
FNDA:0,(anonymous_1)
DA:8,1
DA:9,1
DA:10,1
DA:12,1
DA:13,1
DA:23,1
DA:24,0
LF:7
LH:6
BRDA:24,0,0,0
BRDA:24,0,1,0
BRDA:24,1,0,0
BRDA:24,1,1,0
BRDA:25,2,0,0
BRDA:25,2,1,0
BRDA:26,3,0,0
BRDA:26,3,1,0
BRDA:27,4,0,0
BRDA:27,4,1,0
BRF:10
BRH:0
end_of_record
TN:
SF:/Users/leon/Development/Javascript/immut/source/immut/get.js
FN:20,(anonymous_0)
FNF:1
FNH:0
FNDA:0,(anonymous_0)
DA:10,1
DA:20,1
LF:2
LH:2
BRF:0
BRH:0
end_of_record
TN:
SF:/Users/leon/Development/Javascript/immut/source/immut/index.js
FNF:0
FNH:0
DA:1,1
DA:2,1
DA:3,1
DA:4,1
LF:4
LH:4
BRF:0
BRH:0
end_of_record
TN:
SF:/Users/leon/Development/Javascript/immut/source/immut/of.js
FN:29,(anonymous_2)
FN:39,(anonymous_3)
FN:42,(anonymous_4)
FN:56,(anonymous_5)
FN:59,(anonymous_6)
FN:70,(anonymous_7)
FNF:6
FNH:0
FNDA:0,(anonymous_2)
FNDA:0,(anonymous_3)
FNDA:0,(anonymous_4)
FNDA:0,(anonymous_5)
FNDA:0,(anonymous_6)
FNDA:0,(anonymous_7)
DA:8,1
DA:9,1
DA:11,1
DA:28,1
DA:29,0
DA:38,1
DA:39,0
DA:42,0
DA:55,1
DA:56,0
DA:59,0
DA:69,1
DA:70,0
LF:13
LH:7
BRDA:29,0,0,0
BRDA:29,0,1,0
BRDA:30,1,0,0
BRDA:30,1,1,0
BRDA:39,2,0,0
BRDA:42,3,0,0
BRDA:42,3,1,0
BRDA:56,4,0,0
BRDA:59,5,0,0
BRDA:59,5,1,0
BRDA:70,6,0,0
BRDA:70,6,1,0
BRF:12
BRH:0
end_of_record
TN:
SF:/Users/leon/Development/Javascript/immut/source/immut/size.js
FN:16,(anonymous_0)
FNF:1
FNH:0
FNDA:0,(anonymous_0)
DA:16,1
LF:1
LH:1
BRF:0
BRH:0
end_of_record
TN:
SF:/Users/leon/Development/Javascript/immut/source/list/index.js
FNF:0
FNH:0
DA:3,1
DA:5,1
DA:6,1
DA:7,1
DA:8,1
DA:9,1
DA:10,1
DA:11,1
DA:12,1
LF:9
LH:9
BRF:0
BRH:0
end_of_record
TN:
SF:/Users/leon/Development/Javascript/immut/source/list/of.js
FN:19,(anonymous_1)
FN:25,(anonymous_2)
FNF:2
FNH:0
FNDA:0,(anonymous_1)
FNDA:0,(anonymous_2)
DA:10,1
DA:18,1
DA:19,0
DA:24,1
DA:25,0
LF:5
LH:3
BRDA:19,0,0,0
BRDA:20,1,0,0
BRDA:20,1,1,0
BRF:3
BRH:0
end_of_record
TN:
SF:/Users/leon/Development/Javascript/immut/source/list/pop.js
FN:19,(anonymous_1)
FNF:1
FNH:0
FNDA:0,(anonymous_1)
DA:10,1
DA:18,1
DA:20,0
DA:22,0
DA:24,0
LF:5
LH:2
BRF:0
BRH:0
end_of_record
TN:
SF:/Users/leon/Development/Javascript/immut/source/list/push.js
FN:22,(anonymous_1)
FNF:1
FNH:0
FNDA:0,(anonymous_1)
DA:10,1
DA:12,1
DA:21,1
DA:22,0
LF:4
LH:3
BRF:0
BRH:0
end_of_record
TN:
SF:/Users/leon/Development/Javascript/immut/source/list/set.js
FN:22,(anonymous_0)
FN:22,(anonymous_1)
FNF:2
FNH:0
FNDA:0,(anonymous_0)
FNDA:0,(anonymous_1)
DA:10,1
DA:11,1
DA:21,1
DA:22,0
LF:4
LH:3
BRF:0
BRH:0
end_of_record
TN:
SF:/Users/leon/Development/Javascript/immut/source/list/update.js
FN:23,(anonymous_1)
FNF:1
FNH:0
FNDA:0,(anonymous_1)
DA:10,1
DA:12,1
DA:22,1
DA:24,0
DA:26,0
DA:28,0
LF:6
LH:3
BRF:0
BRH:0
end_of_record
TN:
SF:/Users/leon/Development/Javascript/immut/source/map/index.js
FNF:0
FNH:0
DA:3,1
DA:5,1
DA:6,1
DA:7,1
DA:8,1
DA:9,1
DA:10,1
DA:11,1
DA:12,1
LF:9
LH:9
BRF:0
BRH:0
end_of_record
TN:
SF:/Users/leon/Development/Javascript/immut/source/map/merge.js
FN:22,(anonymous_2)
FNF:1
FNH:0
FNDA:0,(anonymous_2)
DA:10,2
DA:12,2
DA:21,2
DA:22,0
LF:4
LH:3
BRF:0
BRH:0
end_of_record
TN:
SF:/Users/leon/Development/Javascript/immut/source/map/of.js
FN:19,(anonymous_2)
FN:25,(anonymous_3)
FNF:2
FNH:2
FNDA:7,(anonymous_2)
FNDA:7,(anonymous_3)
DA:10,3
DA:18,3
DA:19,7
DA:24,3
DA:25,7
LF:5
LH:5
BRDA:19,0,0,1
BRDA:20,1,0,1
BRDA:20,1,1,6
BRF:3
BRH:3
end_of_record
TN:
SF:/Users/leon/Development/Javascript/immut/source/map/partition.js
FN:22,(anonymous_2)
FN:31,(anonymous_3)
FN:31,(anonymous_4)
FNF:3
FNH:0
FNDA:0,(anonymous_2)
FNDA:0,(anonymous_3)
FNDA:0,(anonymous_4)
DA:10,1
DA:12,1
DA:21,1
DA:22,0
DA:30,1
DA:31,0
DA:32,0
DA:34,0
DA:35,0
DA:37,0
DA:38,0
DA:39,0
DA:42,0
LF:13
LH:4
BRDA:34,0,0,0
BRDA:34,0,1,0
BRDA:35,1,0,0
BRDA:35,1,1,0
BRDA:37,2,0,0
BRDA:37,2,1,0
BRF:6
BRH:0
end_of_record
TN:
SF:/Users/leon/Development/Javascript/immut/source/map/set.js
FN:23,(anonymous_0)
FN:23,(anonymous_1)
FNF:2
FNH:2
FNDA:2,(anonymous_0)
FNDA:2,(anonymous_1)
DA:10,2
DA:11,2
DA:22,2
DA:23,2
LF:4
LH:4
BRF:0
BRH:0
end_of_record
TN:
SF:/Users/leon/Development/Javascript/immut/source/map/update.js
FN:23,(anonymous_2)
FNF:1
FNH:1
FNDA:3,(anonymous_2)
DA:10,3
DA:12,3
DA:22,3
DA:23,3
LF:4
LH:4
BRDA:25,0,0,2
BRDA:25,0,1,1
BRF:2
BRH:2
end_of_record
TN:
SF:/Users/leon/Development/Javascript/immut/source/utils/curry.js
FN:9,(anonymous_0)
FN:12,(anonymous_1)
FN:16,(anonymous_2)
FN:16,c1
FN:21,(anonymous_4)
FN:27,(anonymous_5)
FN:27,c2
FN:32,(anonymous_7)
FN:35,(anonymous_8)
FN:36,(anonymous_9)
FN:43,(anonymous_10)
FN:43,c3
FN:48,(anonymous_12)
FN:51,(anonymous_13)
FN:52,(anonymous_14)
FN:53,(anonymous_15)
FN:56,(anonymous_16)
FN:57,(anonymous_17)
FN:58,(anonymous_18)
FN:59,(anonymous_19)
FN:60,(anonymous_20)
FN:61,(anonymous_21)
FNF:22
FNH:6
FNDA:24,(anonymous_0)
FNDA:13,(anonymous_1)
FNDA:0,(anonymous_2)
FNDA:0,c1
FNDA:0,(anonymous_4)
FNDA:5,(anonymous_5)
FNDA:1,c2
FNDA:0,(anonymous_7)
FNDA:0,(anonymous_8)
FNDA:0,(anonymous_9)
FNDA:8,(anonymous_10)
FNDA:5,c3
FNDA:0,(anonymous_12)
FNDA:0,(anonymous_13)
FNDA:0,(anonymous_14)
FNDA:0,(anonymous_15)
FNDA:0,(anonymous_16)
FNDA:0,(anonymous_17)
FNDA:0,(anonymous_18)
FNDA:0,(anonymous_19)
FNDA:0,(anonymous_20)
FNDA:0,(anonymous_21)
DA:6,4
DA:9,24
DA:12,13
DA:15,4
DA:16,0
DA:17,0
DA:19,0
DA:21,0
DA:26,4
DA:27,5
DA:28,1
DA:30,0
DA:32,1
DA:34,0
DA:35,0
DA:36,0
DA:42,4
DA:43,8
DA:44,5
DA:46,0
DA:48,2
DA:50,0
DA:51,0
DA:52,0
DA:53,0
DA:55,3
DA:56,0
DA:57,0
DA:58,0
DA:59,0
DA:60,0
DA:61,0
DA:68,4
LF:33
LH:14
BRDA:18,0,0,0
BRDA:18,0,1,0
BRDA:21,1,0,0
BRDA:21,1,1,0
BRDA:29,2,0,0
BRDA:29,2,1,1
BRDA:29,2,2,0
BRDA:32,3,0,1
BRDA:32,3,1,0
BRDA:34,4,0,0
BRDA:34,4,1,0
BRDA:34,5,0,0
BRDA:34,5,1,0
BRDA:35,6,0,0
BRDA:35,6,1,0
BRDA:36,7,0,0
BRDA:36,7,1,0
BRDA:45,8,0,0
BRDA:45,8,1,2
BRDA:45,8,2,0
BRDA:45,8,3,3
BRDA:48,9,0,2
BRDA:48,9,1,0
BRDA:50,10,0,0
BRDA:50,10,1,0
BRDA:50,11,0,0
BRDA:50,11,1,0
BRDA:51,12,0,0
BRDA:51,12,1,0
BRDA:52,13,0,0
BRDA:52,13,1,0
BRDA:55,14,0,0
BRDA:55,14,1,3
BRDA:55,15,0,3
BRDA:55,15,1,0
BRDA:55,15,2,0
BRDA:56,16,0,0
BRDA:56,16,1,3
BRDA:56,17,0,3
BRDA:56,17,1,0
BRDA:57,18,0,0
BRDA:57,18,1,3
BRDA:57,19,0,3
BRDA:57,19,1,0
BRDA:58,20,0,0
BRDA:58,20,1,3
BRDA:58,21,0,3
BRDA:58,21,1,0
BRDA:59,22,0,0
BRDA:59,22,1,3
BRDA:60,23,0,0
BRDA:60,23,1,3
BRDA:61,24,0,0
BRDA:61,24,1,3
BRF:54
BRH:16
end_of_record
TN:
SF:/Users/leon/Development/Javascript/immut/source/utils/helpers.js
FN:9,(anonymous_0)
FNF:1
FNH:0
FNDA:0,(anonymous_0)
DA:8,1
DA:9,0
LF:2
LH:1
BRF:0
BRH:0
end_of_record
TN:
SF:/Users/leon/Development/Javascript/immut/source/utils/is.js
FN:8,(anonymous_1)
FN:11,(anonymous_2)
FN:18,(anonymous_3)
FN:20,(anonymous_4)
FNF:4
FNH:0
FNDA:0,(anonymous_1)
FNDA:0,(anonymous_2)
FNDA:0,(anonymous_3)
FNDA:0,(anonymous_4)
DA:2,1
DA:8,1
DA:11,1
DA:18,1
DA:20,1
LF:5
LH:5
BRF:0
BRH:0
end_of_record
